/home/yzh/gunrock/tests/bc/test_bc.cu:329: warning: The following parameters of RunTests(const Csr< VertexId, Value, SizeT > &graph, VertexId src, std::string &ref_filename, int max_grid_size, int num_gpus, double max_queue_sizing) are not documented:
  parameter 'ref_filename'
/home/yzh/gunrock/tests/bfs/test_bfs.cu:79: warning: parameters of member DisplaySolution are not (all) documented
/home/yzh/gunrock/tests/bfs/test_bfs.cu:137: warning: parameters of member DisplayStats are not (all) documented
/home/yzh/gunrock/tests/bfs/test_bfs.cu:205: warning: parameters of member SimpleReferenceBfs are not (all) documented
/home/yzh/gunrock/tests/bfs/test_bfs.cu:265: warning: parameters of member RunTests are not (all) documented
/home/yzh/gunrock/tests/cc/test_cc.cu:92: warning: parameters of member DisplaySolution are not (all) documented
/home/yzh/gunrock/tests/cc/test_cc.cu:164: warning: parameters of member RefCPUCC are not (all) documented
/home/yzh/gunrock/tests/cc/test_cc.cu:164: warning: return type of member RefCPUCC is not documented
/home/yzh/gunrock/tests/cc/test_cc.cu:189: warning: parameters of member RunTests are not (all) documented
/home/yzh/gunrock/tests/bfs/test_bfs.cu:112: warning: parameters of member Statistic::Update are not (all) documented
/home/yzh/gunrock/tests/bfs/test_bfs.cu:112: warning: return type of member Statistic::Update is not documented
/home/yzh/gunrock/tests/cc/test_cc.cu:146: warning: parameters of member Statistic::Update are not (all) documented
/home/yzh/gunrock/tests/cc/test_cc.cu:146: warning: return type of member Statistic::Update is not documented
/home/yzh/gunrock/gunrock/app/enactor_base.cuh:53: warning: parameters of member gunrock::app::EnactorBase::EnactorBase are not (all) documented
/home/yzh/gunrock/gunrock/app/enactor_base.cuh:65: warning: parameters of member gunrock::app::EnactorBase::MaxGridSize are not (all) documented
/home/yzh/gunrock/gunrock/app/enactor_base.cuh:65: warning: return type of member gunrock::app::EnactorBase::MaxGridSize is not documented
/home/yzh/gunrock/gunrock/app/enactor_base.cuh:79: warning: parameters of member gunrock::app::EnactorBase::DisplayDeviceResults are not (all) documented
/home/yzh/gunrock/gunrock/app/problem_base.cuh:163: warning: parameters of member gunrock::app::ProblemBase::GpuIndex are not (all) documented
/home/yzh/gunrock/gunrock/app/problem_base.cuh:163: warning: return type of member gunrock::app::ProblemBase::GpuIndex is not documented
/home/yzh/gunrock/gunrock/app/problem_base.cuh:180: warning: parameters of member gunrock::app::ProblemBase::GraphSliceRow are not (all) documented
/home/yzh/gunrock/gunrock/app/problem_base.cuh:180: warning: return type of member gunrock::app::ProblemBase::GraphSliceRow is not documented
/home/yzh/gunrock/gunrock/app/problem_base.cuh:190: warning: parameters of member gunrock::app::ProblemBase::Init are not (all) documented
/home/yzh/gunrock/gunrock/app/problem_base.cuh:190: warning: return type of member gunrock::app::ProblemBase::Init is not documented
/home/yzh/gunrock/gunrock/app/problem_base.cuh:268: warning: parameters of member gunrock::app::ProblemBase::Reset are not (all) documented
/home/yzh/gunrock/gunrock/app/problem_base.cuh:268: warning: return type of member gunrock::app::ProblemBase::Reset is not documented
/home/yzh/gunrock/gunrock/app/problem_base.cuh:86: warning: parameters of member gunrock::app::ProblemBase::GraphSlice::GraphSlice are not (all) documented
/home/yzh/gunrock/gunrock/oprtr/edge_map_backward/cta.cuh:570: warning: parameters of member gunrock::oprtr::edge_map_backward::Cta::Cta are not (all) documented
/home/yzh/gunrock/gunrock/oprtr/edge_map_backward/cta.cuh:600: warning: parameters of member gunrock::oprtr::edge_map_backward::Cta::ProcessTile are not (all) documented
/home/yzh/gunrock/gunrock/oprtr/edge_map_backward/cta.cuh:530: warning: parameters of member gunrock::oprtr::edge_map_backward::Cta::Tile::Inspect are not (all) documented
/home/yzh/gunrock/gunrock/oprtr/edge_map_backward/cta.cuh:539: warning: parameters of member gunrock::oprtr::edge_map_backward::Cta::Tile::CtaExpand are not (all) documented
/home/yzh/gunrock/gunrock/oprtr/edge_map_backward/cta.cuh:548: warning: parameters of member gunrock::oprtr::edge_map_backward::Cta::Tile::WarpExpand are not (all) documented
/home/yzh/gunrock/gunrock/oprtr/edge_map_backward/cta.cuh:557: warning: parameters of member gunrock::oprtr::edge_map_backward::Cta::Tile::ThreadExpand are not (all) documented
/home/yzh/gunrock/gunrock/oprtr/edge_map_backward/cta.cuh:135: warning: parameters of member gunrock::oprtr::edge_map_backward::Cta::Tile::Iterate::Init are not (all) documented
/home/yzh/gunrock/gunrock/oprtr/edge_map_backward/cta.cuh:147: warning: parameters of member gunrock::oprtr::edge_map_backward::Cta::Tile::Iterate::Inspect are not (all) documented
/home/yzh/gunrock/gunrock/oprtr/edge_map_backward/cta.cuh:175: warning: parameters of member gunrock::oprtr::edge_map_backward::Cta::Tile::Iterate::CtaExpand are not (all) documented
/home/yzh/gunrock/gunrock/oprtr/edge_map_backward/cta.cuh:298: warning: parameters of member gunrock::oprtr::edge_map_backward::Cta::Tile::Iterate::WarpExpand are not (all) documented
/home/yzh/gunrock/gunrock/oprtr/edge_map_backward/cta.cuh:414: warning: parameters of member gunrock::oprtr::edge_map_backward::Cta::Tile::Iterate::ThreadExpand are not (all) documented
/home/yzh/gunrock/gunrock/oprtr/edge_map_backward/cta.cuh:447: warning: parameters of member gunrock::oprtr::edge_map_backward::Cta::Tile::Iterate< LOAD, LOAD_VEC_SIZE, dummy >::Init are not (all) documented
/home/yzh/gunrock/gunrock/oprtr/edge_map_backward/cta.cuh:456: warning: parameters of member gunrock::oprtr::edge_map_backward::Cta::Tile::Iterate< LOAD, LOAD_VEC_SIZE, dummy >::Inspect are not (all) documented
/home/yzh/gunrock/gunrock/oprtr/edge_map_backward/cta.cuh:465: warning: parameters of member gunrock::oprtr::edge_map_backward::Cta::Tile::Iterate< LOAD, LOAD_VEC_SIZE, dummy >::CtaExpand are not (all) documented
/home/yzh/gunrock/gunrock/oprtr/edge_map_backward/cta.cuh:474: warning: parameters of member gunrock::oprtr::edge_map_backward::Cta::Tile::Iterate< LOAD, LOAD_VEC_SIZE, dummy >::WarpExpand are not (all) documented
/home/yzh/gunrock/gunrock/oprtr/edge_map_backward/cta.cuh:483: warning: parameters of member gunrock::oprtr::edge_map_backward::Cta::Tile::Iterate< LOAD, LOAD_VEC_SIZE, dummy >::ThreadExpand are not (all) documented
/home/yzh/gunrock/gunrock/oprtr/edge_map_forward/cta.cuh:540: warning: parameters of member gunrock::oprtr::edge_map_forward::Cta::Cta are not (all) documented
/home/yzh/gunrock/gunrock/oprtr/edge_map_forward/cta.cuh:578: warning: parameters of member gunrock::oprtr::edge_map_forward::Cta::ProcessTile are not (all) documented
/home/yzh/gunrock/gunrock/oprtr/edge_map_forward/cta.cuh:500: warning: parameters of member gunrock::oprtr::edge_map_forward::Cta::Tile::Inspect are not (all) documented
/home/yzh/gunrock/gunrock/oprtr/edge_map_forward/cta.cuh:509: warning: parameters of member gunrock::oprtr::edge_map_forward::Cta::Tile::CtaExpand are not (all) documented
/home/yzh/gunrock/gunrock/oprtr/edge_map_forward/cta.cuh:518: warning: parameters of member gunrock::oprtr::edge_map_forward::Cta::Tile::WarpExpand are not (all) documented
/home/yzh/gunrock/gunrock/oprtr/edge_map_forward/cta.cuh:527: warning: parameters of member gunrock::oprtr::edge_map_forward::Cta::Tile::ThreadExpand are not (all) documented
/home/yzh/gunrock/gunrock/oprtr/edge_map_forward/cta.cuh:149: warning: parameters of member gunrock::oprtr::edge_map_forward::Cta::Tile::Iterate::Init are not (all) documented
/home/yzh/gunrock/gunrock/oprtr/edge_map_forward/cta.cuh:161: warning: parameters of member gunrock::oprtr::edge_map_forward::Cta::Tile::Iterate::Inspect are not (all) documented
/home/yzh/gunrock/gunrock/oprtr/edge_map_forward/cta.cuh:192: warning: parameters of member gunrock::oprtr::edge_map_forward::Cta::Tile::Iterate::CtaExpand are not (all) documented
/home/yzh/gunrock/gunrock/oprtr/edge_map_forward/cta.cuh:294: warning: parameters of member gunrock::oprtr::edge_map_forward::Cta::Tile::Iterate::WarpExpand are not (all) documented
/home/yzh/gunrock/gunrock/oprtr/edge_map_forward/cta.cuh:384: warning: parameters of member gunrock::oprtr::edge_map_forward::Cta::Tile::Iterate::ThreadExpand are not (all) documented
/home/yzh/gunrock/gunrock/oprtr/edge_map_forward/cta.cuh:415: warning: parameters of member gunrock::oprtr::edge_map_forward::Cta::Tile::Iterate< LOAD, LOAD_VEC_SIZE, dummy >::Init are not (all) documented
/home/yzh/gunrock/gunrock/oprtr/edge_map_forward/cta.cuh:424: warning: parameters of member gunrock::oprtr::edge_map_forward::Cta::Tile::Iterate< LOAD, LOAD_VEC_SIZE, dummy >::Inspect are not (all) documented
/home/yzh/gunrock/gunrock/oprtr/edge_map_forward/cta.cuh:433: warning: parameters of member gunrock::oprtr::edge_map_forward::Cta::Tile::Iterate< LOAD, LOAD_VEC_SIZE, dummy >::CtaExpand are not (all) documented
/home/yzh/gunrock/gunrock/oprtr/edge_map_forward/cta.cuh:442: warning: parameters of member gunrock::oprtr::edge_map_forward::Cta::Tile::Iterate< LOAD, LOAD_VEC_SIZE, dummy >::WarpExpand are not (all) documented
/home/yzh/gunrock/gunrock/oprtr/edge_map_forward/cta.cuh:451: warning: parameters of member gunrock::oprtr::edge_map_forward::Cta::Tile::Iterate< LOAD, LOAD_VEC_SIZE, dummy >::ThreadExpand are not (all) documented
/home/yzh/gunrock/gunrock/oprtr/vertex_map/cta.cuh:225: warning: parameters of member gunrock::oprtr::vertex_map::Cta::Cta are not (all) documented
/home/yzh/gunrock/gunrock/oprtr/vertex_map/cta.cuh:254: warning: parameters of member gunrock::oprtr::vertex_map::Cta::ProcessTile are not (all) documented
/home/yzh/gunrock/gunrock/oprtr/vertex_map/cta.cuh:208: warning: parameters of member gunrock::oprtr::vertex_map::Cta::Tile::VertexCull are not (all) documented
/home/yzh/gunrock/gunrock/oprtr/vertex_map/cta.cuh:122: warning: parameters of member gunrock::oprtr::vertex_map::Cta::Tile::Iterate::InitFlags are not (all) documented
/home/yzh/gunrock/gunrock/oprtr/vertex_map/cta.cuh:135: warning: parameters of member gunrock::oprtr::vertex_map::Cta::Tile::Iterate::VertexCull are not (all) documented
/home/yzh/gunrock/gunrock/util/cta_work_distribution.cuh:40: warning: parameters of member gunrock::util::CtaWorkLimits::CtaWorkLimits are not (all) documented
/home/yzh/gunrock/gunrock/util/cta_work_distribution.cuh:78: warning: parameters of member gunrock::util::CtaWorkDistribution::Init are not (all) documented
/home/yzh/gunrock/gunrock/util/cta_work_distribution.cuh:95: warning: parameters of member gunrock::util::CtaWorkDistribution::Init are not (all) documented
/home/yzh/gunrock/gunrock/util/cta_work_distribution.cuh:113: warning: parameters of member gunrock::util::CtaWorkDistribution::GetCtaWorkLimits are not (all) documented
/home/yzh/gunrock/gunrock/util/cta_work_progress.cuh:98: warning: parameters of member gunrock::util::CtaWorkProgress::Steal are not (all) documented
/home/yzh/gunrock/gunrock/util/cta_work_progress.cuh:98: warning: return type of member gunrock::util::CtaWorkProgress::Steal is not documented
/home/yzh/gunrock/gunrock/util/cta_work_progress.cuh:110: warning: parameters of member gunrock::util::CtaWorkProgress::Steal are not (all) documented
/home/yzh/gunrock/gunrock/util/cta_work_progress.cuh:110: warning: return type of member gunrock::util::CtaWorkProgress::Steal is not documented
/home/yzh/gunrock/gunrock/util/cta_work_progress.cuh:135: warning: parameters of member gunrock::util::CtaWorkProgress::PrepResetSteal are not (all) documented
/home/yzh/gunrock/gunrock/util/cta_work_progress.cuh:153: warning: parameters of member gunrock::util::CtaWorkProgress::GetQueueCounter are not (all) documented
/home/yzh/gunrock/gunrock/util/cta_work_progress.cuh:153: warning: return type of member gunrock::util::CtaWorkProgress::GetQueueCounter is not documented
/home/yzh/gunrock/gunrock/util/cta_work_progress.cuh:162: warning: parameters of member gunrock::util::CtaWorkProgress::LoadQueueLength are not (all) documented
/home/yzh/gunrock/gunrock/util/cta_work_progress.cuh:162: warning: return type of member gunrock::util::CtaWorkProgress::LoadQueueLength is not documented
/home/yzh/gunrock/gunrock/util/cta_work_progress.cuh:174: warning: parameters of member gunrock::util::CtaWorkProgress::StoreQueueLength are not (all) documented
/home/yzh/gunrock/gunrock/util/cta_work_progress.cuh:184: warning: parameters of member gunrock::util::CtaWorkProgress::Enqueue are not (all) documented
/home/yzh/gunrock/gunrock/util/cta_work_progress.cuh:184: warning: return type of member gunrock::util::CtaWorkProgress::Enqueue is not documented
/home/yzh/gunrock/gunrock/util/cta_work_progress.cuh:232: warning: return type of member gunrock::util::CtaWorkProgressLifetime::HostReset is not documented
/home/yzh/gunrock/gunrock/util/cta_work_progress.cuh:278: warning: return type of member gunrock::util::CtaWorkProgressLifetime::Setup is not documented
/home/yzh/gunrock/gunrock/util/cta_work_progress.cuh:313: warning: parameters of member gunrock::util::CtaWorkProgressLifetime::CheckOverflow are not (all) documented
/home/yzh/gunrock/gunrock/util/cta_work_progress.cuh:313: warning: return type of member gunrock::util::CtaWorkProgressLifetime::CheckOverflow is not documented
/home/yzh/gunrock/gunrock/util/cta_work_progress.cuh:339: warning: parameters of member gunrock::util::CtaWorkProgressLifetime::GetQueueLength are not (all) documented
/home/yzh/gunrock/gunrock/util/cta_work_progress.cuh:339: warning: return type of member gunrock::util::CtaWorkProgressLifetime::GetQueueLength is not documented
/home/yzh/gunrock/gunrock/util/cta_work_progress.cuh:365: warning: parameters of member gunrock::util::CtaWorkProgressLifetime::SetQueueLength are not (all) documented
/home/yzh/gunrock/gunrock/util/cta_work_progress.cuh:365: warning: return type of member gunrock::util::CtaWorkProgressLifetime::SetQueueLength is not documented
/home/yzh/gunrock/gunrock/util/cuda_properties.cuh:154: warning: parameters of member gunrock::util::CudaProperties::CudaProperties are not (all) documented
/home/yzh/gunrock/gunrock/util/global_barrier.cuh:42: warning: parameters of member gunrock::util::GlobalBarrier::LoadCG are not (all) documented
/home/yzh/gunrock/gunrock/util/global_barrier.cuh:42: warning: return type of member gunrock::util::GlobalBarrier::LoadCG is not documented
/home/yzh/gunrock/gunrock/util/global_barrier.cuh:134: warning: return type of member gunrock::util::GlobalBarrierLifetime::HostReset is not documented
/home/yzh/gunrock/gunrock/util/global_barrier.cuh:158: warning: parameters of member gunrock::util::GlobalBarrierLifetime::Setup are not (all) documented
/home/yzh/gunrock/gunrock/util/global_barrier.cuh:158: warning: return type of member gunrock::util::GlobalBarrierLifetime::Setup is not documented
/home/yzh/gunrock/gunrock/util/kernel_runtime_stats.cuh:78: warning: parameters of member gunrock::util::KernelRuntimeStats::Aggregate are not (all) documented
/home/yzh/gunrock/gunrock/util/kernel_runtime_stats.cuh:140: warning: return type of member gunrock::util::KernelRuntimeStatsLifetime::HostReset is not documented
/home/yzh/gunrock/gunrock/util/kernel_runtime_stats.cuh:187: warning: parameters of member gunrock::util::KernelRuntimeStatsLifetime::Setup are not (all) documented
/home/yzh/gunrock/gunrock/util/kernel_runtime_stats.cuh:187: warning: return type of member gunrock::util::KernelRuntimeStatsLifetime::Setup is not documented
/home/yzh/gunrock/gunrock/util/kernel_runtime_stats.cuh:223: warning: parameters of member gunrock::util::KernelRuntimeStatsLifetime::Accumulate are not (all) documented
/home/yzh/gunrock/gunrock/util/kernel_runtime_stats.cuh:223: warning: return type of member gunrock::util::KernelRuntimeStatsLifetime::Accumulate is not documented
/home/yzh/gunrock/gunrock/util/kernel_runtime_stats.cuh:282: warning: parameters of member gunrock::util::KernelRuntimeStatsLifetime::Accumulate are not (all) documented
/home/yzh/gunrock/gunrock/util/kernel_runtime_stats.cuh:282: warning: return type of member gunrock::util::KernelRuntimeStatsLifetime::Accumulate is not documented
/home/yzh/gunrock/gunrock/util/operators.cuh:30: warning: parameters of member gunrock::util::Operators::NopTransform are not (all) documented
/home/yzh/gunrock/gunrock/util/srts_details.cuh:192: warning: parameters of member gunrock::util::RakingDetails::RakingDetails are not (all) documented
/home/yzh/gunrock/gunrock/util/srts_details.cuh:207: warning: parameters of member gunrock::util::RakingDetails::RakingDetails are not (all) documented
/home/yzh/gunrock/gunrock/util/srts_details.cuh:225: warning: parameters of member gunrock::util::RakingDetails::RakingDetails are not (all) documented
/home/yzh/gunrock/gunrock/util/srts_details.cuh:245: warning: return type of member gunrock::util::RakingDetails::CumulativePartial is not documented
/home/yzh/gunrock/gunrock/util/srts_details.cuh:253: warning: return type of member gunrock::util::RakingDetails::QueueReservation is not documented
/home/yzh/gunrock/gunrock/util/srts_details.cuh:73: warning: parameters of member gunrock::util::RakingDetails< RakingGrid, NullType >::RakingDetails are not (all) documented
/home/yzh/gunrock/gunrock/util/srts_details.cuh:89: warning: parameters of member gunrock::util::RakingDetails< RakingGrid, NullType >::RakingDetails are not (all) documented
/home/yzh/gunrock/gunrock/util/srts_details.cuh:107: warning: parameters of member gunrock::util::RakingDetails< RakingGrid, NullType >::RakingDetails are not (all) documented
/home/yzh/gunrock/gunrock/util/srts_details.cuh:129: warning: return type of member gunrock::util::RakingDetails< RakingGrid, NullType >::CumulativePartial is not documented
/home/yzh/gunrock/gunrock/util/srts_details.cuh:138: warning: return type of member gunrock::util::RakingDetails< RakingGrid, NullType >::QueueReservation is not documented
/home/yzh/gunrock/gunrock/util/srts_grid.cuh:201: warning: parameters of member gunrock::util::RakingGrid::MyLanePartial are not (all) documented
/home/yzh/gunrock/gunrock/util/srts_grid.cuh:201: warning: return type of member gunrock::util::RakingGrid::MyLanePartial is not documented
/home/yzh/gunrock/gunrock/util/srts_grid.cuh:215: warning: parameters of member gunrock::util::RakingGrid::MyRakingSegment are not (all) documented
/home/yzh/gunrock/gunrock/util/srts_grid.cuh:215: warning: return type of member gunrock::util::RakingGrid::MyRakingSegment is not documented
/home/yzh/gunrock/gunrock/util/srts_soa_details.cuh:100: warning: parameters of member gunrock::util::RakingSoaDetails< _TileTuple, RakingGridTuple, 2, NullType >::RakingSoaDetails are not (all) documented
/home/yzh/gunrock/gunrock/util/srts_soa_details.cuh:122: warning: parameters of member gunrock::util::RakingSoaDetails< _TileTuple, RakingGridTuple, 2, NullType >::RakingSoaDetails are not (all) documented
/home/yzh/gunrock/gunrock/util/srts_soa_details.cuh:148: warning: return type of member gunrock::util::RakingSoaDetails< _TileTuple, RakingGridTuple, 2, NullType >::CumulativePartial is not documented
/home/yzh/gunrock/gunrock/util/srts_soa_details.cuh:221: warning: parameters of member gunrock::util::RakingSoaDetails< _TileTuple, RakingGridTuple, 2, SecondaryRakingGridTuple >::RakingSoaDetails are not (all) documented
/home/yzh/gunrock/gunrock/util/srts_soa_details.cuh:247: warning: parameters of member gunrock::util::RakingSoaDetails< _TileTuple, RakingGridTuple, 2, SecondaryRakingGridTuple >::RakingSoaDetails are not (all) documented
/home/yzh/gunrock/gunrock/util/srts_soa_details.cuh:274: warning: return type of member gunrock::util::RakingSoaDetails< _TileTuple, RakingGridTuple, 2, SecondaryRakingGridTuple >::CumulativePartial is not documented
/home/yzh/gunrock/gunrock/util/test_utils.cuh:84: warning: parameters of member gunrock::util::CommandLineArgs::CheckCmdLineFlag are not (all) documented
/home/yzh/gunrock/gunrock/util/test_utils.cuh:84: warning: return type of member gunrock::util::CommandLineArgs::CheckCmdLineFlag is not documented
/home/yzh/gunrock/gunrock/util/test_utils.cuh:97: warning: Unsupported xml/html tag <flag> found
/home/yzh/gunrock/gunrock/util/test_utils.cuh:97: warning: parameters of member gunrock::util::CommandLineArgs::GetCmdLineArgument are not (all) documented
/home/yzh/gunrock/gunrock/util/test_utils.cuh:103: warning: Unsupported xml/html tag <flag> found
/home/yzh/gunrock/gunrock/util/test_utils.cuh:103: warning: parameters of member gunrock::util::CommandLineArgs::GetCmdLineArguments are not (all) documented
/home/yzh/gunrock/gunrock/util/test_utils.cuh:109: warning: return type of member gunrock::util::CommandLineArgs::ParsedArgc is not documented
/home/yzh/gunrock/gunrock/util/vector_types.cuh:23: warning: explicit link request to 'Type' could not be resolved
/home/yzh/gunrock/gunrock/util/io/initialize_tile.cuh:202: warning: parameters of member gunrock::util::io::InitializeTile::Copy are not (all) documented
/home/yzh/gunrock/gunrock/util/io/initialize_tile.cuh:214: warning: parameters of member gunrock::util::io::InitializeTile::Init are not (all) documented
/home/yzh/gunrock/gunrock/util/io/initialize_tile.cuh:226: warning: parameters of member gunrock::util::io::InitializeTile::Transform are not (all) documented
/home/yzh/gunrock/gunrock/util/io/initialize_tile.cuh:238: warning: parameters of member gunrock::util::io::InitializeTile::Transform are not (all) documented
/home/yzh/gunrock/gunrock/util/io/initialize_tile.cuh:266: warning: parameters of member gunrock::util::io::InitializeTile::Transform are not (all) documented
/home/yzh/gunrock/gunrock/util/io/load_tile.cuh:295: warning: parameters of member gunrock::util::io::LoadTile::LoadValid are not (all) documented
/home/yzh/gunrock/gunrock/util/io/load_tile.cuh:328: warning: parameters of member gunrock::util::io::LoadTile::LoadValid are not (all) documented
/home/yzh/gunrock/gunrock/util/io/load_tile.cuh:343: warning: parameters of member gunrock::util::io::LoadTile::LoadValid are not (all) documented
/home/yzh/gunrock/gunrock/util/io/load_tile.cuh:366: warning: parameters of member gunrock::util::io::LoadTile::LoadValid are not (all) documented
/home/yzh/gunrock/gunrock/util/io/load_tile.cuh:388: warning: parameters of member gunrock::util::io::LoadTile::LoadValid are not (all) documented
/home/yzh/gunrock/gunrock/util/io/load_tile.cuh:406: warning: parameters of member gunrock::util::io::LoadTile::LoadValid are not (all) documented
/home/yzh/gunrock/gunrock/util/io/modified_load.cuh:62: warning: parameters of member gunrock::util::io::ModifiedLoad::Ld are not (all) documented
/home/yzh/gunrock/gunrock/util/io/modified_load.cuh:68: warning: parameters of member gunrock::util::io::ModifiedLoad::Ld are not (all) documented
/home/yzh/gunrock/gunrock/util/io/modified_store.cuh:52: warning: parameters of member gunrock::util::io::ModifiedStore::St are not (all) documented
/home/yzh/gunrock/gunrock/util/io/modified_store.cuh:58: warning: parameters of member gunrock::util::io::ModifiedStore::St are not (all) documented
/home/yzh/gunrock/gunrock/util/io/scatter_tile.cuh:221: warning: parameters of member gunrock::util::io::ScatterTile::Scatter are not (all) documented
/home/yzh/gunrock/gunrock/util/io/scatter_tile.cuh:250: warning: parameters of member gunrock::util::io::ScatterTile::Scatter are not (all) documented
/home/yzh/gunrock/gunrock/util/io/scatter_tile.cuh:265: warning: parameters of member gunrock::util::io::ScatterTile::Scatter are not (all) documented
/home/yzh/gunrock/gunrock/util/io/scatter_tile.cuh:296: warning: parameters of member gunrock::util::io::ScatterTile::Scatter are not (all) documented
/home/yzh/gunrock/gunrock/util/io/store_tile.cuh:156: warning: parameters of member gunrock::util::io::StoreTile::Store are not (all) documented
/home/yzh/gunrock/gunrock/util/io/store_tile.cuh:185: warning: parameters of member gunrock::util::io::StoreTile::Store are not (all) documented
/home/yzh/gunrock/gunrock/util/reduction/cooperative_reduction.cuh:212: warning: parameters of member gunrock::util::reduction::CooperativeGridReduction::ReduceTileWithCarry are not (all) documented
/home/yzh/gunrock/gunrock/util/reduction/cooperative_reduction.cuh:239: warning: parameters of member gunrock::util::reduction::CooperativeGridReduction::ReduceTile are not (all) documented
/home/yzh/gunrock/gunrock/util/reduction/cooperative_reduction.cuh:239: warning: return type of member gunrock::util::reduction::CooperativeGridReduction::ReduceTile is not documented
/home/yzh/gunrock/gunrock/util/reduction/cooperative_reduction.cuh:87: warning: parameters of member gunrock::util::reduction::CooperativeTileReduction::ReduceTileWithCarry are not (all) documented
/home/yzh/gunrock/gunrock/util/reduction/cooperative_reduction.cuh:112: warning: parameters of member gunrock::util::reduction::CooperativeTileReduction::ReduceTile are not (all) documented
/home/yzh/gunrock/gunrock/util/reduction/cooperative_reduction.cuh:112: warning: return type of member gunrock::util::reduction::CooperativeTileReduction::ReduceTile is not documented
/home/yzh/gunrock/gunrock/util/reduction/cooperative_reduction.cuh:148: warning: parameters of member gunrock::util::reduction::CooperativeGridReduction< RakingDetails, NullType >::ReduceTileWithCarry are not (all) documented
/home/yzh/gunrock/gunrock/util/reduction/cooperative_reduction.cuh:177: warning: parameters of member gunrock::util::reduction::CooperativeGridReduction< RakingDetails, NullType >::ReduceTile are not (all) documented
/home/yzh/gunrock/gunrock/util/reduction/cooperative_reduction.cuh:177: warning: return type of member gunrock::util::reduction::CooperativeGridReduction< RakingDetails, NullType >::ReduceTile is not documented
/home/yzh/gunrock/gunrock/util/reduction/serial_reduce.cuh:77: warning: parameters of member gunrock::util::reduction::SerialReduce::Invoke are not (all) documented
/home/yzh/gunrock/gunrock/util/reduction/serial_reduce.cuh:77: warning: return type of member gunrock::util::reduction::SerialReduce::Invoke is not documented
/home/yzh/gunrock/gunrock/util/reduction/serial_reduce.cuh:89: warning: parameters of member gunrock::util::reduction::SerialReduce::Invoke are not (all) documented
/home/yzh/gunrock/gunrock/util/reduction/serial_reduce.cuh:89: warning: return type of member gunrock::util::reduction::SerialReduce::Invoke is not documented
/home/yzh/gunrock/gunrock/util/reduction/serial_reduce.cuh:101: warning: parameters of member gunrock::util::reduction::SerialReduce::Invoke are not (all) documented
/home/yzh/gunrock/gunrock/util/reduction/serial_reduce.cuh:101: warning: return type of member gunrock::util::reduction::SerialReduce::Invoke is not documented
/home/yzh/gunrock/gunrock/util/reduction/serial_reduce.cuh:116: warning: parameters of member gunrock::util::reduction::SerialReduce::Invoke are not (all) documented
/home/yzh/gunrock/gunrock/util/reduction/serial_reduce.cuh:116: warning: return type of member gunrock::util::reduction::SerialReduce::Invoke is not documented
/home/yzh/gunrock/gunrock/util/reduction/tree_reduce.cuh:184: warning: parameters of member gunrock::util::reduction::TreeReduce::Invoke are not (all) documented
/home/yzh/gunrock/gunrock/util/reduction/tree_reduce.cuh:184: warning: return type of member gunrock::util::reduction::TreeReduce::Invoke is not documented
/home/yzh/gunrock/gunrock/util/reduction/tree_reduce.cuh:218: warning: parameters of member gunrock::util::reduction::TreeReduce::Invoke are not (all) documented
/home/yzh/gunrock/gunrock/util/reduction/tree_reduce.cuh:218: warning: return type of member gunrock::util::reduction::TreeReduce::Invoke is not documented
/home/yzh/gunrock/gunrock/util/reduction/tree_reduce.cuh:252: warning: parameters of member gunrock::util::reduction::TreeReduce::Invoke are not (all) documented
/home/yzh/gunrock/gunrock/util/reduction/tree_reduce.cuh:252: warning: return type of member gunrock::util::reduction::TreeReduce::Invoke is not documented
/home/yzh/gunrock/gunrock/util/reduction/tree_reduce.cuh:269: warning: parameters of member gunrock::util::reduction::TreeReduce::Invoke are not (all) documented
/home/yzh/gunrock/gunrock/util/reduction/tree_reduce.cuh:269: warning: return type of member gunrock::util::reduction::TreeReduce::Invoke is not documented
/home/yzh/gunrock/gunrock/util/reduction/warp_reduce.cuh:96: warning: parameters of member gunrock::util::reduction::WarpReduce::InvokeSingle are not (all) documented
/home/yzh/gunrock/gunrock/util/reduction/warp_reduce.cuh:96: warning: return type of member gunrock::util::reduction::WarpReduce::InvokeSingle is not documented
/home/yzh/gunrock/gunrock/util/reduction/warp_reduce.cuh:111: warning: parameters of member gunrock::util::reduction::WarpReduce::InvokeSingle are not (all) documented
/home/yzh/gunrock/gunrock/util/reduction/warp_reduce.cuh:111: warning: return type of member gunrock::util::reduction::WarpReduce::InvokeSingle is not documented
/home/yzh/gunrock/gunrock/util/reduction/warp_reduce.cuh:125: warning: parameters of member gunrock::util::reduction::WarpReduce::Invoke are not (all) documented
/home/yzh/gunrock/gunrock/util/reduction/warp_reduce.cuh:125: warning: return type of member gunrock::util::reduction::WarpReduce::Invoke is not documented
/home/yzh/gunrock/gunrock/util/reduction/warp_reduce.cuh:148: warning: parameters of member gunrock::util::reduction::WarpReduce::Invoke are not (all) documented
/home/yzh/gunrock/gunrock/util/reduction/warp_reduce.cuh:148: warning: return type of member gunrock::util::reduction::WarpReduce::Invoke is not documented
/home/yzh/gunrock/gunrock/util/reduction/soa/cooperative_soa_reduction.cuh:95: warning: parameters of member gunrock::util::reduction::soa::CooperativeSoaTileReduction::ReduceTileWithCarry are not (all) documented
/home/yzh/gunrock/gunrock/util/reduction/soa/cooperative_soa_reduction.cuh:123: warning: parameters of member gunrock::util::reduction::soa::CooperativeSoaTileReduction::ReduceTile are not (all) documented
/home/yzh/gunrock/gunrock/util/reduction/soa/cooperative_soa_reduction.cuh:165: warning: parameters of member gunrock::util::reduction::soa::CooperativeSoaGridReduction< RakingSoaDetails, NullType >::ReduceTileWithCarry are not (all) documented
/home/yzh/gunrock/gunrock/util/reduction/soa/cooperative_soa_reduction.cuh:207: warning: parameters of member gunrock::util::reduction::soa::CooperativeSoaGridReduction< RakingSoaDetails, NullType >::ReduceTile are not (all) documented
/home/yzh/gunrock/gunrock/util/reduction/soa/cooperative_soa_reduction.cuh:207: warning: return type of member gunrock::util::reduction::soa::CooperativeSoaGridReduction< RakingSoaDetails, NullType >::ReduceTile is not documented
/home/yzh/gunrock/gunrock/util/reduction/soa/serial_soa_reduce.cuh:123: warning: parameters of member gunrock::util::reduction::soa::SerialSoaReduce::Reduce are not (all) documented
/home/yzh/gunrock/gunrock/util/reduction/soa/serial_soa_reduce.cuh:143: warning: parameters of member gunrock::util::reduction::soa::SerialSoaReduce::SeedReduce are not (all) documented
/home/yzh/gunrock/gunrock/util/reduction/soa/serial_soa_reduce.cuh:143: warning: return type of member gunrock::util::reduction::soa::SerialSoaReduce::SeedReduce is not documented
/home/yzh/gunrock/gunrock/util/reduction/soa/serial_soa_reduce.cuh:161: warning: parameters of member gunrock::util::reduction::soa::SerialSoaReduce::Reduce are not (all) documented
/home/yzh/gunrock/gunrock/util/reduction/soa/serial_soa_reduce.cuh:183: warning: parameters of member gunrock::util::reduction::soa::SerialSoaReduce::SeedReduce are not (all) documented
/home/yzh/gunrock/gunrock/util/reduction/soa/serial_soa_reduce.cuh:183: warning: return type of member gunrock::util::reduction::soa::SerialSoaReduce::SeedReduce is not documented
/home/yzh/gunrock/gunrock/util/reduction/soa/warp_soa_reduce.cuh:107: warning: parameters of member gunrock::util::reduction::soa::WarpSoaReduce::Reduce are not (all) documented
/home/yzh/gunrock/gunrock/util/reduction/soa/warp_soa_reduce.cuh:107: warning: return type of member gunrock::util::reduction::soa::WarpSoaReduce::Reduce is not documented
/home/yzh/gunrock/gunrock/util/reduction/soa/warp_soa_reduce.cuh:134: warning: parameters of member gunrock::util::reduction::soa::WarpSoaReduce::ReduceInLast are not (all) documented
/home/yzh/gunrock/gunrock/util/reduction/soa/warp_soa_reduce.cuh:134: warning: return type of member gunrock::util::reduction::soa::WarpSoaReduce::ReduceInLast is not documented
/home/yzh/gunrock/gunrock/util/scan/cooperative_scan.cuh:374: warning: parameters of member gunrock::util::scan::CooperativeGridScan::ScanTile are not (all) documented
/home/yzh/gunrock/gunrock/util/scan/cooperative_scan.cuh:411: warning: parameters of member gunrock::util::scan::CooperativeGridScan::ScanTileWithCarry are not (all) documented
/home/yzh/gunrock/gunrock/util/scan/cooperative_scan.cuh:449: warning: parameters of member gunrock::util::scan::CooperativeGridScan::ScanTileWithEnqueue are not (all) documented
/home/yzh/gunrock/gunrock/util/scan/cooperative_scan.cuh:90: warning: parameters of member gunrock::util::scan::CooperativeTileScan::ScanTile are not (all) documented
/home/yzh/gunrock/gunrock/util/scan/cooperative_scan.cuh:90: warning: return type of member gunrock::util::scan::CooperativeTileScan::ScanTile is not documented
/home/yzh/gunrock/gunrock/util/scan/cooperative_scan.cuh:120: warning: parameters of member gunrock::util::scan::CooperativeTileScan::ScanTileWithCarry are not (all) documented
/home/yzh/gunrock/gunrock/util/scan/cooperative_scan.cuh:150: warning: parameters of member gunrock::util::scan::CooperativeTileScan::ScanTileWithEnqueue are not (all) documented
/home/yzh/gunrock/gunrock/util/scan/cooperative_scan.cuh:150: warning: return type of member gunrock::util::scan::CooperativeTileScan::ScanTileWithEnqueue is not documented
/home/yzh/gunrock/gunrock/util/scan/cooperative_scan.cuh:181: warning: parameters of member gunrock::util::scan::CooperativeTileScan::ScanTileWithEnqueue are not (all) documented
/home/yzh/gunrock/gunrock/util/scan/cooperative_scan.cuh:181: warning: return type of member gunrock::util::scan::CooperativeTileScan::ScanTileWithEnqueue is not documented
/home/yzh/gunrock/gunrock/util/scan/cooperative_scan.cuh:230: warning: parameters of member gunrock::util::scan::CooperativeGridScan< RakingDetails, NullType >::ScanTile are not (all) documented
/home/yzh/gunrock/gunrock/util/scan/cooperative_scan.cuh:256: warning: parameters of member gunrock::util::scan::CooperativeGridScan< RakingDetails, NullType >::ScanTileWithCarry are not (all) documented
/home/yzh/gunrock/gunrock/util/scan/cooperative_scan.cuh:289: warning: parameters of member gunrock::util::scan::CooperativeGridScan< RakingDetails, NullType >::ScanTileWithEnqueue are not (all) documented
/home/yzh/gunrock/gunrock/util/scan/cooperative_scan.cuh:328: warning: parameters of member gunrock::util::scan::CooperativeGridScan< RakingDetails, NullType >::ScanTileWithEnqueue are not (all) documented
/home/yzh/gunrock/gunrock/util/scan/serial_scan.cuh:70: warning: parameters of member gunrock::util::scan::SerialScan::Invoke are not (all) documented
/home/yzh/gunrock/gunrock/util/scan/serial_scan.cuh:70: warning: return type of member gunrock::util::scan::SerialScan::Invoke is not documented
/home/yzh/gunrock/gunrock/util/scan/serial_scan.cuh:83: warning: parameters of member gunrock::util::scan::SerialScan::Invoke are not (all) documented
/home/yzh/gunrock/gunrock/util/scan/serial_scan.cuh:83: warning: return type of member gunrock::util::scan::SerialScan::Invoke is not documented
/home/yzh/gunrock/gunrock/util/scan/serial_scan.cuh:96: warning: parameters of member gunrock::util::scan::SerialScan::Invoke are not (all) documented
/home/yzh/gunrock/gunrock/util/scan/serial_scan.cuh:96: warning: return type of member gunrock::util::scan::SerialScan::Invoke is not documented
/home/yzh/gunrock/gunrock/util/scan/serial_scan.cuh:110: warning: parameters of member gunrock::util::scan::SerialScan::Invoke are not (all) documented
/home/yzh/gunrock/gunrock/util/scan/serial_scan.cuh:110: warning: return type of member gunrock::util::scan::SerialScan::Invoke is not documented
/home/yzh/gunrock/gunrock/util/scan/warp_scan.cuh:95: warning: parameters of member gunrock::util::scan::WarpScan::Invoke are not (all) documented
/home/yzh/gunrock/gunrock/util/scan/warp_scan.cuh:95: warning: return type of member gunrock::util::scan::WarpScan::Invoke is not documented
/home/yzh/gunrock/gunrock/util/scan/warp_scan.cuh:127: warning: parameters of member gunrock::util::scan::WarpScan::Invoke are not (all) documented
/home/yzh/gunrock/gunrock/util/scan/warp_scan.cuh:127: warning: return type of member gunrock::util::scan::WarpScan::Invoke is not documented
/home/yzh/gunrock/gunrock/util/scan/warp_scan.cuh:145: warning: parameters of member gunrock::util::scan::WarpScan::Invoke are not (all) documented
/home/yzh/gunrock/gunrock/util/scan/warp_scan.cuh:145: warning: return type of member gunrock::util::scan::WarpScan::Invoke is not documented
/home/yzh/gunrock/gunrock/util/scan/warp_scan.cuh:181: warning: parameters of member gunrock::util::scan::WarpScan::Invoke are not (all) documented
/home/yzh/gunrock/gunrock/util/scan/warp_scan.cuh:181: warning: return type of member gunrock::util::scan::WarpScan::Invoke is not documented
/home/yzh/gunrock/gunrock/util/scan/soa/cooperative_soa_scan.cuh:290: warning: parameters of member gunrock::util::scan::soa::CooperativeSoaGridScan::ScanTile are not (all) documented
/home/yzh/gunrock/gunrock/util/scan/soa/cooperative_soa_scan.cuh:336: warning: parameters of member gunrock::util::scan::soa::CooperativeSoaGridScan::ScanTileWithCarry are not (all) documented
/home/yzh/gunrock/gunrock/util/scan/soa/cooperative_soa_scan.cuh:97: warning: parameters of member gunrock::util::scan::soa::CooperativeSoaTileScan::ScanTileWithCarry are not (all) documented
/home/yzh/gunrock/gunrock/util/scan/soa/cooperative_soa_scan.cuh:133: warning: parameters of member gunrock::util::scan::soa::CooperativeSoaTileScan::ScanTile are not (all) documented
/home/yzh/gunrock/gunrock/util/scan/soa/cooperative_soa_scan.cuh:186: warning: parameters of member gunrock::util::scan::soa::CooperativeSoaGridScan< RakingSoaDetails, NullType >::ScanTile are not (all) documented
/home/yzh/gunrock/gunrock/util/scan/soa/cooperative_soa_scan.cuh:216: warning: parameters of member gunrock::util::scan::soa::CooperativeSoaGridScan< RakingSoaDetails, NullType >::ScanTileWithCarry are not (all) documented
/home/yzh/gunrock/gunrock/util/scan/soa/serial_soa_scan.cuh:145: warning: parameters of member gunrock::util::scan::soa::SerialSoaScan::Scan are not (all) documented
/home/yzh/gunrock/gunrock/util/scan/soa/serial_soa_scan.cuh:145: warning: return type of member gunrock::util::scan::soa::SerialSoaScan::Scan is not documented
/home/yzh/gunrock/gunrock/util/scan/soa/serial_soa_scan.cuh:163: warning: parameters of member gunrock::util::scan::soa::SerialSoaScan::Scan are not (all) documented
/home/yzh/gunrock/gunrock/util/scan/soa/serial_soa_scan.cuh:163: warning: return type of member gunrock::util::scan::soa::SerialSoaScan::Scan is not documented
/home/yzh/gunrock/gunrock/util/scan/soa/serial_soa_scan.cuh:182: warning: parameters of member gunrock::util::scan::soa::SerialSoaScan::Scan are not (all) documented
/home/yzh/gunrock/gunrock/util/scan/soa/serial_soa_scan.cuh:182: warning: return type of member gunrock::util::scan::soa::SerialSoaScan::Scan is not documented
/home/yzh/gunrock/gunrock/util/scan/soa/serial_soa_scan.cuh:201: warning: parameters of member gunrock::util::scan::soa::SerialSoaScan::Scan are not (all) documented
/home/yzh/gunrock/gunrock/util/scan/soa/serial_soa_scan.cuh:201: warning: return type of member gunrock::util::scan::soa::SerialSoaScan::Scan is not documented
/home/yzh/gunrock/gunrock/util/scan/soa/warp_soa_scan.cuh:109: warning: parameters of member gunrock::util::scan::soa::WarpSoaScan::Scan are not (all) documented
/home/yzh/gunrock/gunrock/util/scan/soa/warp_soa_scan.cuh:109: warning: return type of member gunrock::util::scan::soa::WarpSoaScan::Scan is not documented
/home/yzh/gunrock/gunrock/util/scan/soa/warp_soa_scan.cuh:145: warning: parameters of member gunrock::util::scan::soa::WarpSoaScan::Scan are not (all) documented
/home/yzh/gunrock/gunrock/util/scan/soa/warp_soa_scan.cuh:145: warning: return type of member gunrock::util::scan::soa::WarpSoaScan::Scan is not documented
